Log file open, 06/18/25 22:55:57
LogTrace: Initializing trace...
LogTrace: Finished trace initialization.
LogInit: Session CrashGUID >====================================================
         Session CrashGUID >   UECC-Windows-D3B9C24B4246AAED03AEF3AE2BABD906
         Session CrashGUID >====================================================
LogConfig: No local boot hotfix file found at: [../../../../../VRSuspense/FinalRepo/Suspense_Project_VR/VR_Project/Saved/PersistentDownloadDir/HotfixForNextBoot.txt]
LogPluginManager: Mounting Engine plugin PlatformCrypto
LogInit: ExecutableName: UnrealPak.exe
LogInit: Build: ++UE5+Release-5.5-CL-39772772
LogInit: Platform=WindowsEditor
LogInit: MachineId=0698e5a94eac6cbac6f36aad652199eb
LogInit: DeviceId=
LogInit: Engine Version: 5.5.3-39772772+++UE5+Release-5.5
LogInit: Compatible Engine Version: 5.5.0-37670630+++UE5+Release-5.5
LogInit: Net CL: 37670630
LogInit: OS: Windows 10 (22H2) [10.0.19045.5965] (), CPU: Intel(R) Core(TM) i7-9750H CPU @ 2.60GHz, GPU: Intel(R) UHD Graphics 630
LogInit: Compiled (64-bit): Feb  5 2025 22:49:28
LogInit: Architecture: x64
LogInit: Compiled with Visual C++: 19.38.33130.00
LogInit: Build Configuration: Development
LogInit: Branch Name: ++UE5+Release-5.5
LogInit: Command Line: -CreateGlobalContainer=G:\VRSuspense\FinalRepo\Suspense_Project_VR\VR_Project\Saved\StagedBuilds\Android_ASTC\VR_Project\Content\Paks\global.utoc -PackageStoreManifest=G:\VRSuspense\FinalRepo\Suspense_Project_VR\VR_Project\Saved\Cooked\Android_ASTC\VR_Project\Metadata\packagestore.manifest -CookedDirectory=G:\VRSuspense\FinalRepo\Suspense_Project_VR\VR_Project\Saved\Cooked\Android_ASTC -Commands="C:\Users\aaron\AppData\Roaming\Unreal Engine\AutomationTool\Logs\G+unreal+UE_5.5\IoStoreCommands.txt" -ScriptObjects=G:\VRSuspense\FinalRepo\Suspense_Project_VR\VR_Project\Saved\Cooked\Android_ASTC\VR_Project\Metadata\scriptobjects.bin -patchpaddingalign=0 -compressionformats=Oodle -compresslevel=4 -compressmethod=Mermaid -cryptokeys=G:\VRSuspense\FinalRepo\Suspense_Project_VR\VR_Project\Saved\Cooked\Android_ASTC\VR_Project\Metadata\Crypto.json -compressionMinBytesSaved=1024 -compressionMinPercentSaved=5 -WriteBackMetadataToAssetRegistry=Disabled -nopak
LogInit: Base Directory: G:/unreal/UE_5.5/Engine/Binaries/Win64/
LogInit: Allocator: Mimalloc
LogInit: Installed Engine Build: 1
LogInit: This binary is optimized with LTO: no, PGO: no, instrumented for PGO data collection: no
LogDevObjectVersion: Number of dev versions registered: 35
LogDevObjectVersion:   Dev-Blueprints (B0D832E4-1F89-4F0D-ACCF-7EB736FD4AA2): 10
LogDevObjectVersion:   Dev-Build (E1C64328-A22C-4D53-A36C-8E866417BD8C): 0
LogDevObjectVersion:   Dev-Core (375EC13C-06E4-48FB-B500-84F0262A717E): 4
LogDevObjectVersion:   Dev-Editor (E4B068ED-F494-42E9-A231-DA0B2E46BB41): 40
LogDevObjectVersion:   Dev-Framework (CFFC743F-43B0-4480-9391-14DF171D2073): 37
LogDevObjectVersion:   Dev-Mobile (B02B49B5-BB20-44E9-A304-32B752E40360): 3
LogDevObjectVersion:   Dev-Networking (A4E4105C-59A1-49B5-A7C5-40C4547EDFEE): 0
LogDevObjectVersion:   Dev-Online (39C831C9-5AE6-47DC-9A44-9C173E1C8E7C): 0
LogDevObjectVersion:   Dev-Physics (78F01B33-EBEA-4F98-B9B4-84EACCB95AA2): 20
LogDevObjectVersion:   Dev-Platform (6631380F-2D4D-43E0-8009-CF276956A95A): 0
LogDevObjectVersion:   Dev-Rendering (12F88B9F-8875-4AFC-A67C-D90C383ABD29): 49
LogDevObjectVersion:   Dev-Sequencer (7B5AE74C-D270-4C10-A958-57980B212A5A): 13
LogDevObjectVersion:   Dev-VR (D7296918-1DD6-4BDD-9DE2-64A83CC13884): 3
LogDevObjectVersion:   Dev-LoadTimes (C2A15278-BFE7-4AFE-6C17-90FF531DF755): 1
LogDevObjectVersion:   Private-Geometry (6EACA3D4-40EC-4CC1-B786-8BED09428FC5): 3
LogDevObjectVersion:   Dev-AnimPhys (29E575DD-E0A3-4627-9D10-D276232CDCEA): 17
LogDevObjectVersion:   Dev-Anim (AF43A65D-7FD3-4947-9873-3E8ED9C1BB05): 15
LogDevObjectVersion:   Dev-ReflectionCapture (6B266CEC-1EC7-4B8F-A30B-E4D90942FC07): 1
LogDevObjectVersion:   Dev-Automation (0DF73D61-A23F-47EA-B727-89E90C41499A): 1
LogDevObjectVersion:   FortniteMain (601D1886-AC64-4F84-AA16-D3DE0DEAC7D6): 170
LogDevObjectVersion:   FortniteValkyrie (8DBC2C5B-54A7-43E0-A768-FCBB7DA29060): 8
LogDevObjectVersion:   FortniteSeason (5B4C06B7-2463-4AF8-805B-BF70CDF5D0DD): 13
LogDevObjectVersion:   FortniteRelease (E7086368-6B23-4C58-8439-1B7016265E91): 15
LogDevObjectVersion:   Dev-Enterprise (9DFFBCD6-494F-0158-E221-12823C92A888): 10
LogDevObjectVersion:   Dev-Niagara (F2AED0AC-9AFE-416F-8664-AA7FFA26D6FC): 1
LogDevObjectVersion:   Dev-Destruction (174F1F0B-B4C6-45A5-B13F-2EE8D0FB917D): 10
LogDevObjectVersion:   Dev-Physics-Ext (35F94A83-E258-406C-A318-09F59610247C): 41
LogDevObjectVersion:   Dev-PhysicsMaterial-Chaos (B68FC16E-8B1B-42E2-B453-215C058844FE): 1
LogDevObjectVersion:   Dev-CineCamera (B2E18506-4273-CFC2-A54E-F4BB758BBA07): 1
LogDevObjectVersion:   Dev-VirtualProduction (64F58936-FD1B-42BA-BA96-7289D5D0FA4E): 1
LogDevObjectVersion:   UE5-Main (697DD581-E64F-41AB-AA4A-51ECBEB7B628): 119
LogDevObjectVersion:   UE5-Release (D89B5E42-24BD-4D46-8412-ACA8DF641779): 51
LogDevObjectVersion:   UE5-PrivateFrosty (59DA5D52-1232-4948-B878-597870B8E98B): 8
LogDevObjectVersion:   Dev-MediaFramework (6F0ED827-A609-4895-9C91-998D90180EA4): 2
LogDevObjectVersion:   Dev-NaniteResearch (30D58BE3-95EA-4282-A6E3-B159D8EBB06A): 1
LogConfig: Branch 'PlatformCrypto' had been unloaded. Reloading on-demand took 0.34ms
LogInit: Presizing for max 100000 objects, including 0 objects not considered by GC.
LogInit: Object subsystem initialized
LogConfig: Applying CVar settings from Section [Startup] File [../../../Engine/Config/ConsoleVariables.ini]
LogConfig: CVar [[r.DumpShaderDebugInfo:2]] deferred - dummy variable created
LogConfig: CVar [[p.chaos.AllowCreatePhysxBodies:1]] deferred - dummy variable created
LogConfig: CVar [[fx.SkipVectorVMBackendOptimizations:1]] deferred - dummy variable created
[2025.06.19-02.55.57:992][  0]LogConfig: CVar [[ds.CADTranslator.Meshing.ActivateThinZoneMeshing:0]] deferred - dummy variable created
[2025.06.19-02.55.57:993][  0]LogConfig: CVar [[ds.CADTranslator.Stitching.RemoveThinFaces:0]] deferred - dummy variable created
[2025.06.19-02.55.57:993][  0]LogConfig: Applying CVar settings from Section [Startup_Windows] File [../../../Engine/Config/ConsoleVariables.ini]
[2025.06.19-02.55.57:993][  0]LogConfig: Applying CVar settings from Section [ConsoleVariables] File [Engine]
[2025.06.19-02.55.57:993][  0]LogConfig: Set CVar [[memory.MemoryPressureCriticalThresholdMB:512]]
[2025.06.19-02.55.57:993][  0]LogInit: Computer: LAPTOP-S4NF3QC7
[2025.06.19-02.55.57:993][  0]LogInit: User: aaron
[2025.06.19-02.55.57:993][  0]LogInit: CPU Page size=4096, Cores=6
[2025.06.19-02.55.57:993][  0]LogInit: High frequency timer resolution =10.000000 MHz
[2025.06.19-02.55.58:467][  0]LogMemory: Process is running as part of a Windows Job with separate resource limits
[2025.06.19-02.55.58:467][  0]LogMemory: Memory total: Physical=15.9GB (16GB approx) Virtual=61.9GB
[2025.06.19-02.55.58:467][  0]LogMemory: Platform Memory Stats for WindowsEditor
[2025.06.19-02.55.58:467][  0]LogMemory: Process Physical Memory: 54.69 MB used, 55.31 MB peak
[2025.06.19-02.55.58:467][  0]LogMemory: Process Virtual Memory: 110.86 MB used, 110.86 MB peak
[2025.06.19-02.55.58:467][  0]LogMemory: Physical Memory: 11598.74 MB used,  4632.50 MB free, 16231.24 MB total
[2025.06.19-02.55.58:467][  0]LogMemory: Virtual Memory: 25709.37 MB used,  37625.87 MB free, 63335.24 MB total
[2025.06.19-02.55.58:475][  0]LogAssetRegistry: FAssetRegistry took 0.0001 seconds to start up
[2025.06.19-02.55.58:476][  0]LogUObjectArray: 438 objects as part of root set at end of initial load.
[2025.06.19-02.55.58:476][  0]LogUObjectArray: CloseDisregardForGC: 0/0 objects in disregard for GC pool
[2025.06.19-02.55.58:476][  0]LogInit: Using OS detected language ().
[2025.06.19-02.55.58:476][  0]LogInit: Using OS detected locale ().
[2025.06.19-02.55.58:476][  0]LogTextLocalizationManager: No localization for '' exists, so 'en' will be used for the language.
[2025.06.19-02.55.58:477][  0]LogTextLocalizationManager: No localization for '' exists, so 'en' will be used for the locale.
[2025.06.19-02.55.58:477][  0]LogInit: Using OS detected language ().
[2025.06.19-02.55.58:477][  0]LogInit: Using OS detected locale ().
[2025.06.19-02.55.58:477][  0]LogTextLocalizationManager: No localization for '' exists, so 'en' will be used for the language.
[2025.06.19-02.55.58:477][  0]LogTextLocalizationManager: No localization for '' exists, so 'en' will be used for the locale.
[2025.06.19-02.55.58:477][  0]LogPakFile: Display: ProjectDir: ../../../../../VRSuspense/FinalRepo/Suspense_Project_VR/VR_Project/
[2025.06.19-02.55.58:477][  0]LogIoStore: Display: ==================== IoStore Utils ====================
[2025.06.19-02.55.58:477][  0]LogIoStore: Display: Parsing crypto keys from a crypto key cache file 'G:\VRSuspense\FinalRepo\Suspense_Project_VR\VR_Project\Saved\Cooked\Android_ASTC\VR_Project\Metadata\Crypto.json'
[2025.06.19-02.55.58:478][  0]LogIoStore: Display: Container signing - DISABLED
[2025.06.19-02.55.58:478][  0]LogIoStore: Display: Directory index - ENABLED
[2025.06.19-02.55.58:478][  0]LogIoStore: Display: Using compression format 'Oodle'
[2025.06.19-02.55.58:478][  0]LogIoStore: Display: Using memory mapping alignment '16384'
[2025.06.19-02.55.58:478][  0]LogIoStore: Display: Using compression block size '65536'
[2025.06.19-02.55.58:478][  0]LogIoStore: Display: Using compression block alignment '0'
[2025.06.19-02.55.58:478][  0]LogIoStore: Display: Using compression min bytes saved '1024'
[2025.06.19-02.55.58:478][  0]LogIoStore: Display: Using compression min percent saved '5'
[2025.06.19-02.55.58:478][  0]LogIoStore: Display: Using max partition size '0'
[2025.06.19-02.55.58:478][  0]LogIoStore: Display: Not using DDC for compression
[2025.06.19-02.55.58:478][  0]LogIoStore: Display: Using command list file: 'C:\Users\aaron\AppData\Roaming\Unreal Engine\AutomationTool\Logs\G+unreal+UE_5.5\IoStoreCommands.txt'
[2025.06.19-02.55.58:482][  0]LogIoStore: Display: Selected Oodle level 4 (Normal) from command line for shaders
[2025.06.19-02.55.58:483][  0]LogIoStore: Display: Fetched 604 oplog items from Manifest in 0.00 seconds
[2025.06.19-02.55.58:486][  0]LogIoStore: Display: Parsed 604 oplog items 0.00 seconds, 773 chunks
[2025.06.19-02.55.58:496][  0]LogIoStore: Display: Using input asset registry: G:/VRSuspense/FinalRepo/Suspense_Project_VR/VR_Project/Saved/Cooked/Android_ASTC/VR_Project/Metadata/DevelopmentAssetRegistry.bin
[2025.06.19-02.55.58:502][  0]LogIoStore: Display: Loaded 173 chunk hashes from AssetRegistry in 0.02 seconds, 173 hashes updated in 0.00 seconds
[2025.06.19-02.55.58:506][  0]LogIoStore: Display: Searching for cooked assets in folder 'G:\VRSuspense\FinalRepo\Suspense_Project_VR\VR_Project\Saved\Cooked\Android_ASTC'
[2025.06.19-02.55.58:542][  0]LogIoStore: Display: Found '1372' files
[2025.06.19-02.55.58:559][  0]LogIoStore: Display: Creating container targets...
[2025.06.19-02.55.58:563][  0]OodleDataCompression: Display: Oodle v2.9.12 format for pak/iostore with method=Mermaid, level=4=Normal
[2025.06.19-02.55.58:640][  0]LogIoStore: Display: Parsing packages...
[2025.06.19-02.55.58:640][  0]LogIoStore: Display: Reading package assets...
[2025.06.19-02.55.58:666][  0]LogIoStore: Display: Packages read 590 files in 0.02 seconds, 934,878 total bytes, 37,968,135 bytes per second
[2025.06.19-02.55.58:670][  0]LogIoStore: Display: Processing shader libraries, compressing with Oodle Mermaid, level 4 (Normal)
[2025.06.19-02.55.58:678][  0]LogShaderLibrary: Display: Created IoStoreShaderArchive header: shaders grouped in 155 groups (63 of them didn't need new indices), average uncompressed size 115921 bytes, min 489 bytes, max 957390 bytes (r.ShaderCodeLibrary.MaxShaderGroupSize=1048576)
[2025.06.19-02.55.58:846][  0]LogIoStore: Display: Global-SF_VULKAN_ES31_ANDROID(VULKAN_ES3_1_ANDROID): Recompressed 1459 shaders as 155 groups. Library size changed from 5047 KB (3.48 : 1 ratio) to 3433 KB (5.11 : 1 ratio), 68.03% of previous.
[2025.06.19-02.55.58:857][  0]LogShaderLibrary: Display: Created IoStoreShaderArchive header: shaders grouped in 162 groups (50 of them didn't need new indices), average uncompressed size 226125 bytes, min 1200 bytes, max 980800 bytes (r.ShaderCodeLibrary.MaxShaderGroupSize=1048576)
[2025.06.19-02.55.59:182][  0]LogIoStore: Display: VR_Project-SF_VULKAN_ES31_ANDROID(VULKAN_ES3_1_ANDROID): Recompressed 1409 shaders as 162 groups. Library size changed from 9126 KB (3.92 : 1 ratio) to 7122 KB (5.02 : 1 ratio), 78.04% of previous.
[2025.06.19-02.55.59:184][  0]LogIoStore: Display: Shaders processed in 0.51 seconds
[2025.06.19-02.55.59:185][  0]LogIoStore: Display: Initialized WriteRequestManager with MaxConcurrentSourceReads=6 (12 cores), MaxSourceBufferMemory=3072MiB
[2025.06.19-02.55.59:188][  0]LogIoStore: Display: Processing redirects...
[2025.06.19-02.55.59:188][  0]LogIoStore: Display: Creating disk layout...
[2025.06.19-02.55.59:190][  0]LogIoStore: Display: Ordered 590 packages using fallback bundle order
[2025.06.19-02.55.59:227][  0]LogIoStore: Display: Serializing container(s)...
[2025.06.19-02.55.59:954][  0]LogIoStore: Display: Writing and compressing took 0.69 seconds, writes to disk took 0.12 seconds for 77,337,968 bytes @ 631,419,007 bytes per second.
[2025.06.19-02.55.59:954][  0]LogIoStore: Display: global: Found perfect hashmap for 1 items.
[2025.06.19-02.55.59:955][  0]LogIoStore: Display: VR_Project-Android_ASTC: Found perfect hashmap for 1088 items.
[2025.06.19-02.55.59:961][  0]LogIoStore: Display: Finalize took 0.0 seconds for 2 writers to write 126,983 bytes, 17,722,432 bytes per second
[2025.06.19-02.55.59:961][  0]LogIoStore: Display: Writing tocs... [Physical: 500 MiB, Virtual: 3325 MiB]
[2025.06.19-02.55.59:961][  0]LogIoStore: Display: 173 / 1,089 hashes were loaded from the hash database, by type:
[2025.06.19-02.55.59:961][  0]LogIoStore: Display:     BulkData                   173
[2025.06.19-02.55.59:961][  0]LogIoStore: Display: 763 / 1,089 chunks attempted to compress, by type:
[2025.06.19-02.55.59:961][  0]LogIoStore: Display:     ExportBundleData           590 / 590
[2025.06.19-02.55.59:961][  0]LogIoStore: Display:     BulkData                   173 / 173
[2025.06.19-02.55.59:961][  0]LogIoStore: Display:     MemoryMappedBulkData       0 / 5
[2025.06.19-02.55.59:961][  0]LogIoStore: Display:     ScriptObjects              0 / 1
[2025.06.19-02.55.59:961][  0]LogIoStore: Display:     ContainerHeader            0 / 1
[2025.06.19-02.55.59:961][  0]LogIoStore: Display:     ShaderCodeLibrary          0 / 2
[2025.06.19-02.55.59:961][  0]LogIoStore: Display:     ShaderCode                 0 / 317
[2025.06.19-02.55.59:961][  0]LogIoStore: Display: Source bytes read:
[2025.06.19-02.55.59:961][  0]LogIoStore: Display:     Zen:                                  0
[2025.06.19-02.55.59:961][  0]LogIoStore: Display:     Loose File:                 186,948,210
[2025.06.19-02.55.59:961][  0]LogIoStore: Display:         ExportBundleData        103,460,814 bytes over 1,180 reads
[2025.06.19-02.55.59:961][  0]LogIoStore: Display:         BulkData                 83,468,596 bytes over 173 reads
[2025.06.19-02.55.59:961][  0]LogIoStore: Display:         MemoryMappedBulkData         18,800 bytes over 10 reads
[2025.06.19-02.55.59:961][  0]LogIoStore: Display:     Memory:                      21,859,480
[2025.06.19-02.55.59:961][  0]LogIoStore: Display:         ShaderCodeLibrary           240,248 bytes over 4 reads
[2025.06.19-02.55.59:962][  0]LogIoStore: Display:         ShaderCode               21,619,232 bytes over 634 reads
[2025.06.19-02.55.59:962][  0]LogIoStore: Display: Calculating stats...
[2025.06.19-02.55.59:962][  0]LogIoStore: Display: 
[2025.06.19-02.55.59:962][  0]LogIoStore: Display: Container Summary
[2025.06.19-02.55.59:962][  0]LogIoStore: Display: ==================
[2025.06.19-02.55.59:962][  0]LogIoStore: Display: 
[2025.06.19-02.55.59:962][  0]LogIoStore: Display: Container                                               Flags      Chunk(s) #       TOC (KiB)       Raw Size (MiB)           Size (MiB)
[2025.06.19-02.55.59:962][  0]LogIoStore: Display: ----------------------------------------------------------------------------------------------------------------------------------------------
[2025.06.19-02.55.59:962][  0]LogIoStore: Display: global                                              -/-/-/-/-               1            0.63                 2.33                 2.33 -
[2025.06.19-02.55.59:962][  0]LogIoStore: Display: VR_Project-Android_ASTC                             C/-/-/I/-            1088          123.37               140.01                71.44 (48.98% Oodle)
[2025.06.19-02.55.59:962][  0]LogIoStore: Display: ----------------------------------------------------------------------------------------------------------------------------------------------
[2025.06.19-02.55.59:962][  0]LogIoStore: Display: Total                                                                    1089          124.01               142.33                73.76
[2025.06.19-02.55.59:962][  0]LogIoStore: Display: 
[2025.06.19-02.55.59:962][  0]LogIoStore: Display: ** Flags: (C)ompressed / (E)ncrypted / (S)igned) / (I)ndexed) / (O)nDemand **
[2025.06.19-02.55.59:962][  0]LogIoStore: Display: 
[2025.06.19-02.55.59:962][  0]LogIoStore: Display: Compression block padding:     0.07 MiB
[2025.06.19-02.55.59:962][  0]LogIoStore: Display: 
[2025.06.19-02.55.59:962][  0]LogIoStore: Display: Container Directory Index
[2025.06.19-02.55.59:962][  0]LogIoStore: Display: ==========================
[2025.06.19-02.55.59:962][  0]LogIoStore: Display: 
[2025.06.19-02.55.59:962][  0]LogIoStore: Display: Container                                          Size (KiB)
[2025.06.19-02.55.59:962][  0]LogIoStore: Display: ----------------------------------------------------------------------------------------------------------------------------------------------
[2025.06.19-02.55.59:962][  0]LogIoStore: Display: global                                                   0.00
[2025.06.19-02.55.59:962][  0]LogIoStore: Display: VR_Project-Android_ASTC                                 35.58
[2025.06.19-02.55.59:962][  0]LogIoStore: Display: 
[2025.06.19-02.55.59:962][  0]LogIoStore: Display: Container Patch Report
[2025.06.19-02.55.59:962][  0]LogIoStore: Display: ========================
[2025.06.19-02.55.59:962][  0]LogIoStore: Display: 
[2025.06.19-02.55.59:962][  0]LogIoStore: Display: Container                                             Total #       Modified #          Added #   Modified (MiB)      Added (MiB)
[2025.06.19-02.55.59:962][  0]LogIoStore: Display: ----------------------------------------------------------------------------------------------------------------------------------------------
[2025.06.19-02.55.59:962][  0]LogIoStore: Display: global                                                      1                0                0             0.00             0.00
[2025.06.19-02.55.59:962][  0]LogIoStore: Display: VR_Project-Android_ASTC                                  1088                0             1088             0.00            71.36
[2025.06.19-02.55.59:962][  0]LogIoStore: Display: 
[2025.06.19-02.55.59:962][  0]LogIoStore: Display: PackageStore
[2025.06.19-02.55.59:962][  0]LogIoStore: Display: =============
[2025.06.19-02.55.59:962][  0]LogIoStore: Display: 
[2025.06.19-02.55.59:962][  0]LogIoStore: Display: Container                                          Size (KiB)      Packages #     Localized #
[2025.06.19-02.55.59:962][  0]LogIoStore: Display: ----------------------------------------------------------------------------------------------------------------------------------------------
[2025.06.19-02.55.59:962][  0]LogIoStore: Display: VR_Project-Android_ASTC                                    17             590               0
[2025.06.19-02.55.59:962][  0]LogIoStore: Display: ----------------------------------------------------------------------------------------------------------------------------------------------
[2025.06.19-02.55.59:962][  0]LogIoStore: Display: Total                                                      17             590               0
[2025.06.19-02.55.59:963][  0]LogIoStore: Display: 
[2025.06.19-02.55.59:963][  0]LogIoStore: Display: 
[2025.06.19-02.55.59:963][  0]LogIoStore: Display: Input:       590 Packages
[2025.06.19-02.55.59:963][  0]LogIoStore: Display: Input:      0.05 GB UExp
[2025.06.19-02.55.59:963][  0]LogIoStore: Display: Input:      0.00 GB UAsset
[2025.06.19-02.55.59:963][  0]LogIoStore: Display: Input:      0.08 GB UBulk
[2025.06.19-02.55.59:964][  0]LogIoStore: Display: Input:      3.35 MB for 155 Global shaders
[2025.06.19-02.55.59:964][  0]LogIoStore: Display: Input:      0.77 MB for 61 Shared shaders
[2025.06.19-02.55.59:964][  0]LogIoStore: Display: Input:      0.00 MB for 2 Unique shaders
[2025.06.19-02.55.59:964][  0]LogIoStore: Display: Input:      6.18 MB for 99 Inline shaders
[2025.06.19-02.55.59:964][  0]LogIoStore: Display: 
[2025.06.19-02.55.59:964][  0]LogIoStore: Display: Output:     6086 Name map entries
[2025.06.19-02.55.59:964][  0]LogIoStore: Display: Output:      688 Imported package entries
[2025.06.19-02.55.59:964][  0]LogIoStore: Display: Output:      341 Packages without imports
[2025.06.19-02.55.59:964][  0]LogIoStore: Display: Output:        0 Public runtime script objects
[2025.06.19-02.55.59:964][  0]LogIoStore: Display: Output:     0.00 GB HeaderData
[2025.06.19-02.55.59:964][  0]LogIoStore: Display: Output:     2.33 MB InitialLoadData
[2025.06.19-02.55.59:964][  0]LogIoStore: Display: 
[2025.06.19-02.55.59:969][  0]LogPakFile: Display: UnrealPak executed in 1.491860 seconds
[2025.06.19-02.55.59:971][  0]LogCore: Engine exit requested (reason: UnrealPak Exiting)
[2025.06.19-02.55.59:971][  0]LogExit: Preparing to exit.
[2025.06.19-02.55.59:973][  0]LogExit: Object subsystem successfully closed.
[2025.06.19-02.55.59:976][  0]LogPakFile: Destroying PakPlatformFile
[2025.06.19-02.55.59:976][  0]LogExit: Exiting.
[2025.06.19-02.55.59:992][  0]Log file closed, 06/18/25 22:55:59
