Log file open, 06/18/25 22:41:06
LogTrace: Initializing trace...
LogTrace: Finished trace initialization.
LogInit: Session CrashGUID >====================================================
         Session CrashGUID >   UECC-Windows-D64ABA8F49C4D93FD30ABA909F879AE5
         Session CrashGUID >====================================================
LogConfig: No local boot hotfix file found at: [../../../../../VRSuspense/FinalRepo/Suspense_Project_VR/VR_Project/Saved/PersistentDownloadDir/HotfixForNextBoot.txt]
LogPluginManager: Mounting Engine plugin PlatformCrypto
LogInit: ExecutableName: UnrealPak.exe
LogInit: Build: ++UE5+Release-5.5-CL-39772772
LogInit: Platform=WindowsEditor
LogInit: MachineId=0698e5a94eac6cbac6f36aad652199eb
LogInit: DeviceId=
LogInit: Engine Version: 5.5.3-39772772+++UE5+Release-5.5
LogInit: Compatible Engine Version: 5.5.0-37670630+++UE5+Release-5.5
LogInit: Net CL: 37670630
LogInit: OS: Windows 10 (22H2) [10.0.19045.5965] (), CPU: Intel(R) Core(TM) i7-9750H CPU @ 2.60GHz, GPU: Intel(R) UHD Graphics 630
LogInit: Compiled (64-bit): Feb  5 2025 22:49:28
LogInit: Architecture: x64
LogInit: Compiled with Visual C++: 19.38.33130.00
LogInit: Build Configuration: Development
LogInit: Branch Name: ++UE5+Release-5.5
LogInit: Command Line: -cryptokeys=G:\VRSuspense\FinalRepo\Suspense_Project_VR\VR_Project\Saved\Cooked\Android_ASTC\VR_Project\Metadata\Crypto.json -patchpaddingalign=0 -compressionformats=Oodle -compresslevel=4 -compressmethod=Mermaid -platform=Android -CreateMultiple="C:\Users\aaron\AppData\Roaming\Unreal Engine\AutomationTool\Logs\G+unreal+UE_5.5\PakCommands.txt" -nopak
LogInit: Base Directory: G:/unreal/UE_5.5/Engine/Binaries/Win64/
LogInit: Allocator: Mimalloc
LogInit: Installed Engine Build: 1
LogInit: This binary is optimized with LTO: no, PGO: no, instrumented for PGO data collection: no
LogDevObjectVersion: Number of dev versions registered: 35
LogDevObjectVersion:   Dev-Blueprints (B0D832E4-1F89-4F0D-ACCF-7EB736FD4AA2): 10
LogDevObjectVersion:   Dev-Build (E1C64328-A22C-4D53-A36C-8E866417BD8C): 0
LogDevObjectVersion:   Dev-Core (375EC13C-06E4-48FB-B500-84F0262A717E): 4
LogDevObjectVersion:   Dev-Editor (E4B068ED-F494-42E9-A231-DA0B2E46BB41): 40
LogDevObjectVersion:   Dev-Framework (CFFC743F-43B0-4480-9391-14DF171D2073): 37
LogDevObjectVersion:   Dev-Mobile (B02B49B5-BB20-44E9-A304-32B752E40360): 3
LogDevObjectVersion:   Dev-Networking (A4E4105C-59A1-49B5-A7C5-40C4547EDFEE): 0
LogDevObjectVersion:   Dev-Online (39C831C9-5AE6-47DC-9A44-9C173E1C8E7C): 0
LogDevObjectVersion:   Dev-Physics (78F01B33-EBEA-4F98-B9B4-84EACCB95AA2): 20
LogDevObjectVersion:   Dev-Platform (6631380F-2D4D-43E0-8009-CF276956A95A): 0
LogDevObjectVersion:   Dev-Rendering (12F88B9F-8875-4AFC-A67C-D90C383ABD29): 49
LogDevObjectVersion:   Dev-Sequencer (7B5AE74C-D270-4C10-A958-57980B212A5A): 13
LogDevObjectVersion:   Dev-VR (D7296918-1DD6-4BDD-9DE2-64A83CC13884): 3
LogDevObjectVersion:   Dev-LoadTimes (C2A15278-BFE7-4AFE-6C17-90FF531DF755): 1
LogDevObjectVersion:   Private-Geometry (6EACA3D4-40EC-4CC1-B786-8BED09428FC5): 3
LogDevObjectVersion:   Dev-AnimPhys (29E575DD-E0A3-4627-9D10-D276232CDCEA): 17
LogDevObjectVersion:   Dev-Anim (AF43A65D-7FD3-4947-9873-3E8ED9C1BB05): 15
LogDevObjectVersion:   Dev-ReflectionCapture (6B266CEC-1EC7-4B8F-A30B-E4D90942FC07): 1
LogDevObjectVersion:   Dev-Automation (0DF73D61-A23F-47EA-B727-89E90C41499A): 1
LogDevObjectVersion:   FortniteMain (601D1886-AC64-4F84-AA16-D3DE0DEAC7D6): 170
LogDevObjectVersion:   FortniteValkyrie (8DBC2C5B-54A7-43E0-A768-FCBB7DA29060): 8
LogDevObjectVersion:   FortniteSeason (5B4C06B7-2463-4AF8-805B-BF70CDF5D0DD): 13
LogDevObjectVersion:   FortniteRelease (E7086368-6B23-4C58-8439-1B7016265E91): 15
LogDevObjectVersion:   Dev-Enterprise (9DFFBCD6-494F-0158-E221-12823C92A888): 10
LogDevObjectVersion:   Dev-Niagara (F2AED0AC-9AFE-416F-8664-AA7FFA26D6FC): 1
LogDevObjectVersion:   Dev-Destruction (174F1F0B-B4C6-45A5-B13F-2EE8D0FB917D): 10
LogDevObjectVersion:   Dev-Physics-Ext (35F94A83-E258-406C-A318-09F59610247C): 41
LogDevObjectVersion:   Dev-PhysicsMaterial-Chaos (B68FC16E-8B1B-42E2-B453-215C058844FE): 1
LogDevObjectVersion:   Dev-CineCamera (B2E18506-4273-CFC2-A54E-F4BB758BBA07): 1
LogDevObjectVersion:   Dev-VirtualProduction (64F58936-FD1B-42BA-BA96-7289D5D0FA4E): 1
LogDevObjectVersion:   UE5-Main (697DD581-E64F-41AB-AA4A-51ECBEB7B628): 119
LogDevObjectVersion:   UE5-Release (D89B5E42-24BD-4D46-8412-ACA8DF641779): 51
LogDevObjectVersion:   UE5-PrivateFrosty (59DA5D52-1232-4948-B878-597870B8E98B): 8
LogDevObjectVersion:   Dev-MediaFramework (6F0ED827-A609-4895-9C91-998D90180EA4): 2
LogDevObjectVersion:   Dev-NaniteResearch (30D58BE3-95EA-4282-A6E3-B159D8EBB06A): 1
LogConfig: Branch 'PlatformCrypto' had been unloaded. Reloading on-demand took 0.32ms
LogInit: Presizing for max 100000 objects, including 0 objects not considered by GC.
LogInit: Object subsystem initialized
LogConfig: Applying CVar settings from Section [Startup] File [../../../Engine/Config/ConsoleVariables.ini]
LogConfig: CVar [[r.DumpShaderDebugInfo:2]] deferred - dummy variable created
LogConfig: CVar [[p.chaos.AllowCreatePhysxBodies:1]] deferred - dummy variable created
LogConfig: CVar [[fx.SkipVectorVMBackendOptimizations:1]] deferred - dummy variable created
LogConfig: CVar [[ds.CADTranslator.Meshing.ActivateThinZoneMeshing:0]] deferred - dummy variable created
LogConfig: CVar [[ds.CADTranslator.Stitching.RemoveThinFaces:0]] deferred - dummy variable created
LogConfig: Applying CVar settings from Section [Startup_Windows] File [../../../Engine/Config/ConsoleVariables.ini]
LogConfig: Applying CVar settings from Section [ConsoleVariables] File [Engine]
LogConfig: Set CVar [[memory.MemoryPressureCriticalThresholdMB:512]]
[2025.06.19-02.41.06:961][  0]LogInit: Computer: LAPTOP-S4NF3QC7
[2025.06.19-02.41.06:961][  0]LogInit: User: aaron
[2025.06.19-02.41.06:961][  0]LogInit: CPU Page size=4096, Cores=6
[2025.06.19-02.41.06:961][  0]LogInit: High frequency timer resolution =10.000000 MHz
[2025.06.19-02.41.08:101][  0]LogMemory: Process is running as part of a Windows Job with separate resource limits
[2025.06.19-02.41.08:101][  0]LogMemory: Memory total: Physical=15.9GB (16GB approx) Virtual=61.9GB
[2025.06.19-02.41.08:101][  0]LogMemory: Platform Memory Stats for WindowsEditor
[2025.06.19-02.41.08:101][  0]LogMemory: Process Physical Memory: 54.57 MB used, 55.24 MB peak
[2025.06.19-02.41.08:101][  0]LogMemory: Process Virtual Memory: 110.94 MB used, 110.94 MB peak
[2025.06.19-02.41.08:101][  0]LogMemory: Physical Memory: 11584.91 MB used,  4646.33 MB free, 16231.24 MB total
[2025.06.19-02.41.08:101][  0]LogMemory: Virtual Memory: 25383.82 MB used,  37951.41 MB free, 63335.24 MB total
[2025.06.19-02.41.08:124][  0]LogAssetRegistry: FAssetRegistry took 0.0002 seconds to start up
[2025.06.19-02.41.08:126][  0]LogUObjectArray: 438 objects as part of root set at end of initial load.
[2025.06.19-02.41.08:126][  0]LogUObjectArray: CloseDisregardForGC: 0/0 objects in disregard for GC pool
[2025.06.19-02.41.08:126][  0]LogInit: Using OS detected language ().
[2025.06.19-02.41.08:126][  0]LogInit: Using OS detected locale ().
[2025.06.19-02.41.08:127][  0]LogTextLocalizationManager: No localization for '' exists, so 'en' will be used for the language.
[2025.06.19-02.41.08:127][  0]LogTextLocalizationManager: No localization for '' exists, so 'en' will be used for the locale.
[2025.06.19-02.41.08:128][  0]LogInit: Using OS detected language ().
[2025.06.19-02.41.08:128][  0]LogInit: Using OS detected locale ().
[2025.06.19-02.41.08:128][  0]LogTextLocalizationManager: No localization for '' exists, so 'en' will be used for the language.
[2025.06.19-02.41.08:128][  0]LogTextLocalizationManager: No localization for '' exists, so 'en' will be used for the locale.
[2025.06.19-02.41.08:128][  0]LogPakFile: Display: ProjectDir: ../../../../../VRSuspense/FinalRepo/Suspense_Project_VR/VR_Project/
[2025.06.19-02.41.08:129][  0]LogPakFile: Display: Parsing crypto keys from a crypto key cache file
[2025.06.19-02.41.08:130][  0]LogPakFile: Engine only spawned 10 worker threads, bumping up to 11!
[2025.06.19-02.41.08:134][  0]LogPakFile: Display: CompressionFormats in priority order: Oodle, Zlib
[2025.06.19-02.41.08:134][  0]LogPakFile: Display: Oodle enabled on 'NoPluginCompression' files
[2025.06.19-02.41.08:135][  0]LogPakFile: Display: Loading response file G:\unreal\UE_5.5\Engine\Programs\AutomationTool\Saved\ResponseFiles\PakList_VR_Project-Android_ASTC.txt
[2025.06.19-02.41.08:142][  0]LogPakFile: Display: Added 1606 entries to add to pak file.
[2025.06.19-02.41.08:142][  0]LogPakFile: Display: Collecting files to add to pak file...
[2025.06.19-02.41.08:154][  0]LogPakFile: Display: Collected 1606 files in 0.01s.
[2025.06.19-02.41.08:157][  0]LogPakFile: Display: Creating pak G:\VRSuspense\FinalRepo\Suspense_Project_VR\VR_Project\Saved\StagedBuilds\Android_ASTC\VR_Project\Content\Paks\VR_Project-Android_ASTC.pak.
[2025.06.19-02.41.08:163][  0]OodleDataCompression: Display: Oodle v2.9.12 format for pak/iostore with method=Mermaid, level=4=Normal
[2025.06.19-02.41.08:458][  0]LogPakFile: Display: Created pak file: G:\VRSuspense\FinalRepo\Suspense_Project_VR\VR_Project\Saved\StagedBuilds\Android_ASTC\VR_Project\Content\Paks\VR_Project-Android_ASTC.pak
[2025.06.19-02.41.08:476][  0]LogPakFile: Display: CompressionFormat 0 [Oodle] : 336 files, 20631328 -> 8728529 bytes
[2025.06.19-02.41.08:476][  0]LogPakFile: Display: CompressionFormat 2 [None] : 1270 files, 1151485 -> 1151485 bytes
[2025.06.19-02.41.08:476][  0]LogPakFile: Display: Added 1606 files, 10100217 bytes total
[2025.06.19-02.41.08:476][  0]LogPakFile: Display: PrimaryIndex size: 21910 bytes
[2025.06.19-02.41.08:476][  0]LogPakFile: Display: PathHashIndex size: 49353 bytes
[2025.06.19-02.41.08:476][  0]LogPakFile: Display: FullDirectoryIndex size: 52673 bytes
[2025.06.19-02.41.08:476][  0]LogPakFile: Display: Compression summary: 42.31% of original size. Compressed Size 8728529 bytes, Original Size 20631328 bytes. 
[2025.06.19-02.41.08:476][  0]LogPakFile: Display: Encryption - DISABLED
[2025.06.19-02.41.08:476][  0]LogPakFile: Display: 
[2025.06.19-02.41.08:477][  0]LogPakFile: Display: Writer and Compression Threads exited.
[2025.06.19-02.41.08:477][  0]LogPakFile: Display: UnrealPak executed in 0.348621 seconds
[2025.06.19-02.41.08:487][  0]LogCore: Engine exit requested (reason: UnrealPak Exiting)
[2025.06.19-02.41.08:487][  0]LogExit: Preparing to exit.
[2025.06.19-02.41.08:490][  0]LogExit: Object subsystem successfully closed.
[2025.06.19-02.41.08:490][  0]LogPakFile: Destroying PakPlatformFile
[2025.06.19-02.41.08:492][  0]LogExit: Exiting.
[2025.06.19-02.41.08:498][  0]Log file closed, 06/18/25 22:41:08
